[2019-05-29 13:58:51] console.ERROR: Error thrown while running command ""server:run"". Message: "There are no commands defined in the "server" namespace." {"exception":"[object] (Symfony\\Component\\Console\\Exception\\NamespaceNotFoundException(code: 0): There are no commands defined in the \"server\" namespace. at C:\\Users\\L_200606688\\Desktop\\data-platform\\trb-platform\\vendor\\symfony\\console\\Application.php:585)","command":"\"server:run\"","message":"There are no commands defined in the \"server\" namespace."} []
[2019-05-29 13:59:07] console.ERROR: Error thrown while running command ""server:run"". Message: "There are no commands defined in the "server" namespace." {"exception":"[object] (Symfony\\Component\\Console\\Exception\\NamespaceNotFoundException(code: 0): There are no commands defined in the \"server\" namespace. at C:\\Users\\L_200606688\\Desktop\\data-platform\\trb-platform\\vendor\\symfony\\console\\Application.php:585)","command":"\"server:run\"","message":"There are no commands defined in the \"server\" namespace."} []
[2019-06-21 07:04:32] request.INFO: Matched route "connect_keycloak_check". {"route":"connect_keycloak_check","route_parameters":{"_route":"connect_keycloak_check","_controller":"App\\Controller\\KeyCloakAuthController::connectCheckAction"},"request_uri":"http://localhost:8000/check?code=8bde97af-87f2-4e70-8aa3-674beda14495.8acc422b-61d0-42be-996e-cf9f70fd4e16.5961022f-8ae2-4bf3-abca-ce0ca547c726&session_state=8acc422b-61d0-42be-996e-cf9f70fd4e16&state=c23176f150ff63af983862502ea7fb36","method":"GET"} []
[2019-06-21 07:04:32] security.DEBUG: Checking for guard authentication credentials. {"firewall_key":"secure_area","authenticators":1} []
[2019-06-21 07:04:32] security.DEBUG: Checking support on guard authenticator. {"firewall_key":"secure_area","authenticator":"App\\Security\\KeycloakAuthenticator"} []
[2019-06-21 07:04:32] security.DEBUG: Calling getCredentials() on guard authenticator. {"firewall_key":"secure_area","authenticator":"App\\Security\\KeycloakAuthenticator"} []
[2019-06-21 07:04:32] security.DEBUG: Passing guard token information to the GuardAuthenticationProvider {"firewall_key":"secure_area","authenticator":"App\\Security\\KeycloakAuthenticator"} []
[2019-06-21 07:04:32] event.DEBUG: Notified event "kernel.request" to listener "Symfony\Component\HttpKernel\EventListener\DebugHandlersListener::configure". {"event":"kernel.request","listener":"Symfony\\Component\\HttpKernel\\EventListener\\DebugHandlersListener::configure"} []
[2019-06-21 07:04:32] event.DEBUG: Notified event "kernel.request" to listener "Symfony\Component\HttpKernel\EventListener\ValidateRequestListener::onKernelRequest". {"event":"kernel.request","listener":"Symfony\\Component\\HttpKernel\\EventListener\\ValidateRequestListener::onKernelRequest"} []
[2019-06-21 07:04:32] event.DEBUG: Notified event "kernel.request" to listener "Symfony\Component\HttpKernel\EventListener\SessionListener::onKernelRequest". {"event":"kernel.request","listener":"Symfony\\Component\\HttpKernel\\EventListener\\SessionListener::onKernelRequest"} []
[2019-06-21 07:04:32] event.DEBUG: Notified event "kernel.request" to listener "Symfony\Component\HttpKernel\EventListener\RouterListener::onKernelRequest". {"event":"kernel.request","listener":"Symfony\\Component\\HttpKernel\\EventListener\\RouterListener::onKernelRequest"} []
[2019-06-21 07:04:32] event.DEBUG: Notified event "kernel.request" to listener "Symfony\Bundle\FrameworkBundle\EventListener\ResolveControllerNameSubscriber::onKernelRequest". {"event":"kernel.request","listener":"Symfony\\Bundle\\FrameworkBundle\\EventListener\\ResolveControllerNameSubscriber::onKernelRequest"} []
[2019-06-21 07:04:32] event.DEBUG: Notified event "kernel.request" to listener "Symfony\Component\HttpKernel\EventListener\LocaleListener::onKernelRequest". {"event":"kernel.request","listener":"Symfony\\Component\\HttpKernel\\EventListener\\LocaleListener::onKernelRequest"} []
[2019-06-21 07:04:32] event.DEBUG: Notified event "kernel.request" to listener "Symfony\Bundle\SecurityBundle\Debug\TraceableFirewallListener::onKernelRequest". {"event":"kernel.request","listener":"Symfony\\Bundle\\SecurityBundle\\Debug\\TraceableFirewallListener::onKernelRequest"} []
[2019-06-21 07:04:32] request.CRITICAL: Uncaught PHP Exception InvalidArgumentException: "URI must be a string or UriInterface" at C:\Users\L_200606688\Desktop\data-platform\trb-platform\vendor\guzzlehttp\psr7\src\functions.php line 62 {"exception":"[object] (InvalidArgumentException(code: 0): URI must be a string or UriInterface at C:\\Users\\L_200606688\\Desktop\\data-platform\\trb-platform\\vendor\\guzzlehttp\\psr7\\src\\functions.php:62)"} []
[2019-06-21 07:04:32] event.DEBUG: Notified event "kernel.request" to listener "Symfony\Component\HttpKernel\EventListener\DebugHandlersListener::configure". {"event":"kernel.request","listener":"Symfony\\Component\\HttpKernel\\EventListener\\DebugHandlersListener::configure"} []
[2019-06-21 07:04:32] event.DEBUG: Notified event "kernel.request" to listener "Symfony\Component\HttpKernel\EventListener\ValidateRequestListener::onKernelRequest". {"event":"kernel.request","listener":"Symfony\\Component\\HttpKernel\\EventListener\\ValidateRequestListener::onKernelRequest"} []
[2019-06-21 07:04:32] event.DEBUG: Notified event "kernel.request" to listener "Symfony\Component\HttpKernel\EventListener\SessionListener::onKernelRequest". {"event":"kernel.request","listener":"Symfony\\Component\\HttpKernel\\EventListener\\SessionListener::onKernelRequest"} []
[2019-06-21 07:04:32] event.DEBUG: Notified event "kernel.request" to listener "Symfony\Component\HttpKernel\EventListener\RouterListener::onKernelRequest". {"event":"kernel.request","listener":"Symfony\\Component\\HttpKernel\\EventListener\\RouterListener::onKernelRequest"} []
[2019-06-21 07:04:32] event.DEBUG: Notified event "kernel.request" to listener "Symfony\Bundle\FrameworkBundle\EventListener\ResolveControllerNameSubscriber::onKernelRequest". {"event":"kernel.request","listener":"Symfony\\Bundle\\FrameworkBundle\\EventListener\\ResolveControllerNameSubscriber::onKernelRequest"} []
[2019-06-21 07:04:32] event.DEBUG: Notified event "kernel.request" to listener "Symfony\Component\HttpKernel\EventListener\LocaleListener::onKernelRequest". {"event":"kernel.request","listener":"Symfony\\Component\\HttpKernel\\EventListener\\LocaleListener::onKernelRequest"} []
[2019-06-21 07:04:32] event.DEBUG: Notified event "kernel.request" to listener "Symfony\Bundle\SecurityBundle\Debug\TraceableFirewallListener::onKernelRequest". {"event":"kernel.request","listener":"Symfony\\Bundle\\SecurityBundle\\Debug\\TraceableFirewallListener::onKernelRequest"} []
[2019-06-21 07:04:32] event.DEBUG: Notified event "kernel.controller" to listener "Sensio\Bundle\FrameworkExtraBundle\EventListener\ControllerListener::onKernelController". {"event":"kernel.controller","listener":"Sensio\\Bundle\\FrameworkExtraBundle\\EventListener\\ControllerListener::onKernelController"} []
[2019-06-21 07:04:32] event.DEBUG: Notified event "kernel.controller" to listener "Sensio\Bundle\FrameworkExtraBundle\EventListener\ParamConverterListener::onKernelController". {"event":"kernel.controller","listener":"Sensio\\Bundle\\FrameworkExtraBundle\\EventListener\\ParamConverterListener::onKernelController"} []
[2019-06-21 07:04:32] event.DEBUG: Notified event "kernel.controller" to listener "Sensio\Bundle\FrameworkExtraBundle\EventListener\HttpCacheListener::onKernelController". {"event":"kernel.controller","listener":"Sensio\\Bundle\\FrameworkExtraBundle\\EventListener\\HttpCacheListener::onKernelController"} []
[2019-06-21 07:04:32] event.DEBUG: Notified event "kernel.controller" to listener "Sensio\Bundle\FrameworkExtraBundle\EventListener\TemplateListener::onKernelController". {"event":"kernel.controller","listener":"Sensio\\Bundle\\FrameworkExtraBundle\\EventListener\\TemplateListener::onKernelController"} []
[2019-06-21 07:04:32] event.DEBUG: Notified event "kernel.controller_arguments" to listener "Sensio\Bundle\FrameworkExtraBundle\EventListener\SecurityListener::onKernelControllerArguments". {"event":"kernel.controller_arguments","listener":"Sensio\\Bundle\\FrameworkExtraBundle\\EventListener\\SecurityListener::onKernelControllerArguments"} []
[2019-06-21 07:04:32] event.DEBUG: Notified event "kernel.controller_arguments" to listener "Sensio\Bundle\FrameworkExtraBundle\EventListener\IsGrantedListener::onKernelControllerArguments". {"event":"kernel.controller_arguments","listener":"Sensio\\Bundle\\FrameworkExtraBundle\\EventListener\\IsGrantedListener::onKernelControllerArguments"} []
[2019-06-21 07:04:33] event.DEBUG: Notified event "kernel.response" to listener "Symfony\Component\HttpKernel\EventListener\ResponseListener::onKernelResponse". {"event":"kernel.response","listener":"Symfony\\Component\\HttpKernel\\EventListener\\ResponseListener::onKernelResponse"} []
[2019-06-21 07:04:33] event.DEBUG: Notified event "kernel.response" to listener "Symfony\Component\WebLink\EventListener\AddLinkHeaderListener::onKernelResponse". {"event":"kernel.response","listener":"Symfony\\Component\\WebLink\\EventListener\\AddLinkHeaderListener::onKernelResponse"} []
[2019-06-21 07:04:33] event.DEBUG: Notified event "kernel.response" to listener "Sensio\Bundle\FrameworkExtraBundle\EventListener\HttpCacheListener::onKernelResponse". {"event":"kernel.response","listener":"Sensio\\Bundle\\FrameworkExtraBundle\\EventListener\\HttpCacheListener::onKernelResponse"} []
[2019-06-21 07:04:33] event.DEBUG: Notified event "kernel.response" to listener "Symfony\Component\Security\Http\RememberMe\ResponseListener::onKernelResponse". {"event":"kernel.response","listener":"Symfony\\Component\\Security\\Http\\RememberMe\\ResponseListener::onKernelResponse"} []
[2019-06-21 07:04:33] event.DEBUG: Notified event "kernel.response" to listener "Symfony\Component\Security\Http\Firewall\ContextListener::onKernelResponse". {"event":"kernel.response","listener":"Symfony\\Component\\Security\\Http\\Firewall\\ContextListener::onKernelResponse"} []
[2019-06-21 07:04:33] event.DEBUG: Notified event "kernel.response" to listener "Symfony\Component\HttpKernel\EventListener\SessionListener::onKernelResponse". {"event":"kernel.response","listener":"Symfony\\Component\\HttpKernel\\EventListener\\SessionListener::onKernelResponse"} []
[2019-06-21 07:04:33] event.DEBUG: Notified event "kernel.response" to listener "Symfony\Component\HttpKernel\EventListener\StreamedResponseListener::onKernelResponse". {"event":"kernel.response","listener":"Symfony\\Component\\HttpKernel\\EventListener\\StreamedResponseListener::onKernelResponse"} []
[2019-06-21 07:04:33] event.DEBUG: Notified event "kernel.finish_request" to listener "Symfony\Component\HttpKernel\EventListener\LocaleListener::onKernelFinishRequest". {"event":"kernel.finish_request","listener":"Symfony\\Component\\HttpKernel\\EventListener\\LocaleListener::onKernelFinishRequest"} []
[2019-06-21 07:04:33] event.DEBUG: Notified event "kernel.finish_request" to listener "Symfony\Component\HttpKernel\EventListener\SessionListener::onFinishRequest". {"event":"kernel.finish_request","listener":"Symfony\\Component\\HttpKernel\\EventListener\\SessionListener::onFinishRequest"} []
[2019-06-21 07:04:33] event.DEBUG: Notified event "kernel.finish_request" to listener "Symfony\Component\HttpKernel\EventListener\RouterListener::onKernelFinishRequest". {"event":"kernel.finish_request","listener":"Symfony\\Component\\HttpKernel\\EventListener\\RouterListener::onKernelFinishRequest"} []
[2019-06-21 07:04:33] event.DEBUG: Notified event "kernel.finish_request" to listener "Symfony\Bundle\SecurityBundle\Debug\TraceableFirewallListener::onKernelFinishRequest". {"event":"kernel.finish_request","listener":"Symfony\\Bundle\\SecurityBundle\\Debug\\TraceableFirewallListener::onKernelFinishRequest"} []
[2019-06-21 07:04:33] event.DEBUG: Notified event "kernel.exception" to listener "Symfony\Component\Security\Http\Firewall\ExceptionListener::onKernelException". {"event":"kernel.exception","listener":"Symfony\\Component\\Security\\Http\\Firewall\\ExceptionListener::onKernelException"} []
[2019-06-21 07:04:33] event.DEBUG: Notified event "kernel.exception" to listener "App\Listener\KeycloakExceptionListener::onKernelException". {"event":"kernel.exception","listener":"App\\Listener\\KeycloakExceptionListener::onKernelException"} []
[2019-06-21 07:04:33] event.DEBUG: Notified event "kernel.exception" to listener "Symfony\Bundle\SwiftmailerBundle\EventListener\EmailSenderListener::onException". {"event":"kernel.exception","listener":"Symfony\\Bundle\\SwiftmailerBundle\\EventListener\\EmailSenderListener::onException"} []
[2019-06-21 07:04:33] event.DEBUG: Notified event "kernel.exception" to listener "Symfony\Component\HttpKernel\EventListener\ExceptionListener::logKernelException". {"event":"kernel.exception","listener":"Symfony\\Component\\HttpKernel\\EventListener\\ExceptionListener::logKernelException"} []
[2019-06-21 07:04:33] event.DEBUG: Notified event "kernel.exception" to listener "Symfony\Component\HttpKernel\EventListener\RouterListener::onKernelException". {"event":"kernel.exception","listener":"Symfony\\Component\\HttpKernel\\EventListener\\RouterListener::onKernelException"} []
[2019-06-21 07:04:33] event.DEBUG: Notified event "kernel.exception" to listener "Symfony\Component\HttpKernel\EventListener\ExceptionListener::onKernelException". {"event":"kernel.exception","listener":"Symfony\\Component\\HttpKernel\\EventListener\\ExceptionListener::onKernelException"} []
[2019-06-21 07:04:33] event.DEBUG: Listener "Symfony\Component\HttpKernel\EventListener\ExceptionListener::onKernelException" stopped propagation of the event "kernel.exception". {"event":"kernel.exception","listener":"Symfony\\Component\\HttpKernel\\EventListener\\ExceptionListener::onKernelException"} []
[2019-06-21 07:04:33] event.DEBUG: Listener "Symfony\Component\HttpKernel\EventListener\ExceptionListener::onKernelException" was not called for event "kernel.exception". {"event":"kernel.exception","listener":"Symfony\\Component\\HttpKernel\\EventListener\\ExceptionListener::onKernelException"} []
[2019-06-21 07:04:33] event.DEBUG: Notified event "kernel.response" to listener "Symfony\Component\HttpKernel\EventListener\ResponseListener::onKernelResponse". {"event":"kernel.response","listener":"Symfony\\Component\\HttpKernel\\EventListener\\ResponseListener::onKernelResponse"} []
[2019-06-21 07:04:33] event.DEBUG: Notified event "kernel.response" to listener "Symfony\Component\WebLink\EventListener\AddLinkHeaderListener::onKernelResponse". {"event":"kernel.response","listener":"Symfony\\Component\\WebLink\\EventListener\\AddLinkHeaderListener::onKernelResponse"} []
[2019-06-21 07:04:33] event.DEBUG: Notified event "kernel.response" to listener "Sensio\Bundle\FrameworkExtraBundle\EventListener\HttpCacheListener::onKernelResponse". {"event":"kernel.response","listener":"Sensio\\Bundle\\FrameworkExtraBundle\\EventListener\\HttpCacheListener::onKernelResponse"} []
[2019-06-21 07:04:33] event.DEBUG: Notified event "kernel.response" to listener "Symfony\Component\Security\Http\RememberMe\ResponseListener::onKernelResponse". {"event":"kernel.response","listener":"Symfony\\Component\\Security\\Http\\RememberMe\\ResponseListener::onKernelResponse"} []
[2019-06-21 07:04:33] event.DEBUG: Notified event "kernel.response" to listener "Symfony\Component\HttpKernel\EventListener\SessionListener::onKernelResponse". {"event":"kernel.response","listener":"Symfony\\Component\\HttpKernel\\EventListener\\SessionListener::onKernelResponse"} []
[2019-06-21 07:04:33] event.DEBUG: Notified event "kernel.response" to listener "Symfony\Component\HttpKernel\EventListener\StreamedResponseListener::onKernelResponse". {"event":"kernel.response","listener":"Symfony\\Component\\HttpKernel\\EventListener\\StreamedResponseListener::onKernelResponse"} []
[2019-06-21 07:04:33] event.DEBUG: Notified event "kernel.finish_request" to listener "Symfony\Component\HttpKernel\EventListener\LocaleListener::onKernelFinishRequest". {"event":"kernel.finish_request","listener":"Symfony\\Component\\HttpKernel\\EventListener\\LocaleListener::onKernelFinishRequest"} []
[2019-06-21 07:04:33] event.DEBUG: Notified event "kernel.finish_request" to listener "Symfony\Component\HttpKernel\EventListener\SessionListener::onFinishRequest". {"event":"kernel.finish_request","listener":"Symfony\\Component\\HttpKernel\\EventListener\\SessionListener::onFinishRequest"} []
[2019-06-21 07:04:33] event.DEBUG: Notified event "kernel.finish_request" to listener "Symfony\Component\HttpKernel\EventListener\RouterListener::onKernelFinishRequest". {"event":"kernel.finish_request","listener":"Symfony\\Component\\HttpKernel\\EventListener\\RouterListener::onKernelFinishRequest"} []
[2019-06-21 07:04:33] event.DEBUG: Notified event "kernel.finish_request" to listener "Symfony\Bundle\SecurityBundle\Debug\TraceableFirewallListener::onKernelFinishRequest". {"event":"kernel.finish_request","listener":"Symfony\\Bundle\\SecurityBundle\\Debug\\TraceableFirewallListener::onKernelFinishRequest"} []
[2019-06-21 07:04:33] event.DEBUG: Notified event "kernel.terminate" to listener "Symfony\Bundle\SwiftmailerBundle\EventListener\EmailSenderListener::onTerminate". {"event":"kernel.terminate","listener":"Symfony\\Bundle\\SwiftmailerBundle\\EventListener\\EmailSenderListener::onTerminate"} []
[2019-06-21 07:04:53] request.INFO: Matched route "connect_keycloak_check". {"route":"connect_keycloak_check","route_parameters":{"_route":"connect_keycloak_check","_controller":"App\\Controller\\KeyCloakAuthController::connectCheckAction"},"request_uri":"http://localhost:8000/check?code=f9125b90-3d04-48a1-91f2-ebe184e89f5e.8acc422b-61d0-42be-996e-cf9f70fd4e16.5961022f-8ae2-4bf3-abca-ce0ca547c726&session_state=8acc422b-61d0-42be-996e-cf9f70fd4e16&state=12e1f9d174a41b9166993518c67d2b86","method":"GET"} []
[2019-06-21 07:04:53] security.DEBUG: Checking for guard authentication credentials. {"firewall_key":"secure_area","authenticators":1} []
[2019-06-21 07:04:53] security.DEBUG: Checking support on guard authenticator. {"firewall_key":"secure_area","authenticator":"App\\Security\\KeycloakAuthenticator"} []
[2019-06-21 07:04:53] security.DEBUG: Calling getCredentials() on guard authenticator. {"firewall_key":"secure_area","authenticator":"App\\Security\\KeycloakAuthenticator"} []
[2019-06-21 07:04:53] security.DEBUG: Passing guard token information to the GuardAuthenticationProvider {"firewall_key":"secure_area","authenticator":"App\\Security\\KeycloakAuthenticator"} []
[2019-06-21 07:04:53] event.DEBUG: Notified event "kernel.request" to listener "Symfony\Component\HttpKernel\EventListener\DebugHandlersListener::configure". {"event":"kernel.request","listener":"Symfony\\Component\\HttpKernel\\EventListener\\DebugHandlersListener::configure"} []
[2019-06-21 07:04:53] event.DEBUG: Notified event "kernel.request" to listener "Symfony\Component\HttpKernel\EventListener\ValidateRequestListener::onKernelRequest". {"event":"kernel.request","listener":"Symfony\\Component\\HttpKernel\\EventListener\\ValidateRequestListener::onKernelRequest"} []
[2019-06-21 07:04:53] event.DEBUG: Notified event "kernel.request" to listener "Symfony\Component\HttpKernel\EventListener\SessionListener::onKernelRequest". {"event":"kernel.request","listener":"Symfony\\Component\\HttpKernel\\EventListener\\SessionListener::onKernelRequest"} []
[2019-06-21 07:04:53] event.DEBUG: Notified event "kernel.request" to listener "Symfony\Component\HttpKernel\EventListener\RouterListener::onKernelRequest". {"event":"kernel.request","listener":"Symfony\\Component\\HttpKernel\\EventListener\\RouterListener::onKernelRequest"} []
[2019-06-21 07:04:53] event.DEBUG: Notified event "kernel.request" to listener "Symfony\Bundle\FrameworkBundle\EventListener\ResolveControllerNameSubscriber::onKernelRequest". {"event":"kernel.request","listener":"Symfony\\Bundle\\FrameworkBundle\\EventListener\\ResolveControllerNameSubscriber::onKernelRequest"} []
[2019-06-21 07:04:53] event.DEBUG: Notified event "kernel.request" to listener "Symfony\Component\HttpKernel\EventListener\LocaleListener::onKernelRequest". {"event":"kernel.request","listener":"Symfony\\Component\\HttpKernel\\EventListener\\LocaleListener::onKernelRequest"} []
[2019-06-21 07:04:53] event.DEBUG: Notified event "kernel.request" to listener "Symfony\Bundle\SecurityBundle\Debug\TraceableFirewallListener::onKernelRequest". {"event":"kernel.request","listener":"Symfony\\Bundle\\SecurityBundle\\Debug\\TraceableFirewallListener::onKernelRequest"} []
[2019-06-21 07:04:53] request.CRITICAL: Uncaught PHP Exception InvalidArgumentException: "URI must be a string or UriInterface" at C:\Users\L_200606688\Desktop\data-platform\trb-platform\vendor\guzzlehttp\psr7\src\functions.php line 62 {"exception":"[object] (InvalidArgumentException(code: 0): URI must be a string or UriInterface at C:\\Users\\L_200606688\\Desktop\\data-platform\\trb-platform\\vendor\\guzzlehttp\\psr7\\src\\functions.php:62)"} []
[2019-06-21 07:04:53] event.DEBUG: Notified event "kernel.request" to listener "Symfony\Component\HttpKernel\EventListener\DebugHandlersListener::configure". {"event":"kernel.request","listener":"Symfony\\Component\\HttpKernel\\EventListener\\DebugHandlersListener::configure"} []
[2019-06-21 07:04:53] event.DEBUG: Notified event "kernel.request" to listener "Symfony\Component\HttpKernel\EventListener\ValidateRequestListener::onKernelRequest". {"event":"kernel.request","listener":"Symfony\\Component\\HttpKernel\\EventListener\\ValidateRequestListener::onKernelRequest"} []
[2019-06-21 07:04:53] event.DEBUG: Notified event "kernel.request" to listener "Symfony\Component\HttpKernel\EventListener\SessionListener::onKernelRequest". {"event":"kernel.request","listener":"Symfony\\Component\\HttpKernel\\EventListener\\SessionListener::onKernelRequest"} []
[2019-06-21 07:04:53] event.DEBUG: Notified event "kernel.request" to listener "Symfony\Component\HttpKernel\EventListener\RouterListener::onKernelRequest". {"event":"kernel.request","listener":"Symfony\\Component\\HttpKernel\\EventListener\\RouterListener::onKernelRequest"} []
[2019-06-21 07:04:53] event.DEBUG: Notified event "kernel.request" to listener "Symfony\Bundle\FrameworkBundle\EventListener\ResolveControllerNameSubscriber::onKernelRequest". {"event":"kernel.request","listener":"Symfony\\Bundle\\FrameworkBundle\\EventListener\\ResolveControllerNameSubscriber::onKernelRequest"} []
[2019-06-21 07:04:53] event.DEBUG: Notified event "kernel.request" to listener "Symfony\Component\HttpKernel\EventListener\LocaleListener::onKernelRequest". {"event":"kernel.request","listener":"Symfony\\Component\\HttpKernel\\EventListener\\LocaleListener::onKernelRequest"} []
[2019-06-21 07:04:53] event.DEBUG: Notified event "kernel.request" to listener "Symfony\Bundle\SecurityBundle\Debug\TraceableFirewallListener::onKernelRequest". {"event":"kernel.request","listener":"Symfony\\Bundle\\SecurityBundle\\Debug\\TraceableFirewallListener::onKernelRequest"} []
[2019-06-21 07:04:53] event.DEBUG: Notified event "kernel.controller" to listener "Sensio\Bundle\FrameworkExtraBundle\EventListener\ControllerListener::onKernelController". {"event":"kernel.controller","listener":"Sensio\\Bundle\\FrameworkExtraBundle\\EventListener\\ControllerListener::onKernelController"} []
[2019-06-21 07:04:53] event.DEBUG: Notified event "kernel.controller" to listener "Sensio\Bundle\FrameworkExtraBundle\EventListener\ParamConverterListener::onKernelController". {"event":"kernel.controller","listener":"Sensio\\Bundle\\FrameworkExtraBundle\\EventListener\\ParamConverterListener::onKernelController"} []
[2019-06-21 07:04:53] event.DEBUG: Notified event "kernel.controller" to listener "Sensio\Bundle\FrameworkExtraBundle\EventListener\HttpCacheListener::onKernelController". {"event":"kernel.controller","listener":"Sensio\\Bundle\\FrameworkExtraBundle\\EventListener\\HttpCacheListener::onKernelController"} []
[2019-06-21 07:04:53] event.DEBUG: Notified event "kernel.controller" to listener "Sensio\Bundle\FrameworkExtraBundle\EventListener\TemplateListener::onKernelController". {"event":"kernel.controller","listener":"Sensio\\Bundle\\FrameworkExtraBundle\\EventListener\\TemplateListener::onKernelController"} []
[2019-06-21 07:04:53] event.DEBUG: Notified event "kernel.controller_arguments" to listener "Sensio\Bundle\FrameworkExtraBundle\EventListener\SecurityListener::onKernelControllerArguments". {"event":"kernel.controller_arguments","listener":"Sensio\\Bundle\\FrameworkExtraBundle\\EventListener\\SecurityListener::onKernelControllerArguments"} []
[2019-06-21 07:04:53] event.DEBUG: Notified event "kernel.controller_arguments" to listener "Sensio\Bundle\FrameworkExtraBundle\EventListener\IsGrantedListener::onKernelControllerArguments". {"event":"kernel.controller_arguments","listener":"Sensio\\Bundle\\FrameworkExtraBundle\\EventListener\\IsGrantedListener::onKernelControllerArguments"} []
[2019-06-21 07:04:53] event.DEBUG: Notified event "kernel.response" to listener "Symfony\Component\HttpKernel\EventListener\ResponseListener::onKernelResponse". {"event":"kernel.response","listener":"Symfony\\Component\\HttpKernel\\EventListener\\ResponseListener::onKernelResponse"} []
[2019-06-21 07:04:53] event.DEBUG: Notified event "kernel.response" to listener "Symfony\Component\WebLink\EventListener\AddLinkHeaderListener::onKernelResponse". {"event":"kernel.response","listener":"Symfony\\Component\\WebLink\\EventListener\\AddLinkHeaderListener::onKernelResponse"} []
[2019-06-21 07:04:53] event.DEBUG: Notified event "kernel.response" to listener "Sensio\Bundle\FrameworkExtraBundle\EventListener\HttpCacheListener::onKernelResponse". {"event":"kernel.response","listener":"Sensio\\Bundle\\FrameworkExtraBundle\\EventListener\\HttpCacheListener::onKernelResponse"} []
[2019-06-21 07:04:53] event.DEBUG: Notified event "kernel.response" to listener "Symfony\Component\Security\Http\RememberMe\ResponseListener::onKernelResponse". {"event":"kernel.response","listener":"Symfony\\Component\\Security\\Http\\RememberMe\\ResponseListener::onKernelResponse"} []
[2019-06-21 07:04:53] event.DEBUG: Notified event "kernel.response" to listener "Symfony\Component\Security\Http\Firewall\ContextListener::onKernelResponse". {"event":"kernel.response","listener":"Symfony\\Component\\Security\\Http\\Firewall\\ContextListener::onKernelResponse"} []
[2019-06-21 07:04:53] event.DEBUG: Notified event "kernel.response" to listener "Symfony\Component\HttpKernel\EventListener\SessionListener::onKernelResponse". {"event":"kernel.response","listener":"Symfony\\Component\\HttpKernel\\EventListener\\SessionListener::onKernelResponse"} []
[2019-06-21 07:04:53] event.DEBUG: Notified event "kernel.response" to listener "Symfony\Component\HttpKernel\EventListener\StreamedResponseListener::onKernelResponse". {"event":"kernel.response","listener":"Symfony\\Component\\HttpKernel\\EventListener\\StreamedResponseListener::onKernelResponse"} []
[2019-06-21 07:04:53] event.DEBUG: Notified event "kernel.finish_request" to listener "Symfony\Component\HttpKernel\EventListener\LocaleListener::onKernelFinishRequest". {"event":"kernel.finish_request","listener":"Symfony\\Component\\HttpKernel\\EventListener\\LocaleListener::onKernelFinishRequest"} []
[2019-06-21 07:04:53] event.DEBUG: Notified event "kernel.finish_request" to listener "Symfony\Component\HttpKernel\EventListener\SessionListener::onFinishRequest". {"event":"kernel.finish_request","listener":"Symfony\\Component\\HttpKernel\\EventListener\\SessionListener::onFinishRequest"} []
[2019-06-21 07:04:53] event.DEBUG: Notified event "kernel.finish_request" to listener "Symfony\Component\HttpKernel\EventListener\RouterListener::onKernelFinishRequest". {"event":"kernel.finish_request","listener":"Symfony\\Component\\HttpKernel\\EventListener\\RouterListener::onKernelFinishRequest"} []
[2019-06-21 07:04:53] event.DEBUG: Notified event "kernel.finish_request" to listener "Symfony\Bundle\SecurityBundle\Debug\TraceableFirewallListener::onKernelFinishRequest". {"event":"kernel.finish_request","listener":"Symfony\\Bundle\\SecurityBundle\\Debug\\TraceableFirewallListener::onKernelFinishRequest"} []
[2019-06-21 07:04:53] event.DEBUG: Notified event "kernel.exception" to listener "Symfony\Component\Security\Http\Firewall\ExceptionListener::onKernelException". {"event":"kernel.exception","listener":"Symfony\\Component\\Security\\Http\\Firewall\\ExceptionListener::onKernelException"} []
[2019-06-21 07:04:53] event.DEBUG: Notified event "kernel.exception" to listener "App\Listener\KeycloakExceptionListener::onKernelException". {"event":"kernel.exception","listener":"App\\Listener\\KeycloakExceptionListener::onKernelException"} []
[2019-06-21 07:04:53] event.DEBUG: Notified event "kernel.exception" to listener "Symfony\Bundle\SwiftmailerBundle\EventListener\EmailSenderListener::onException". {"event":"kernel.exception","listener":"Symfony\\Bundle\\SwiftmailerBundle\\EventListener\\EmailSenderListener::onException"} []
[2019-06-21 07:04:53] event.DEBUG: Notified event "kernel.exception" to listener "Symfony\Component\HttpKernel\EventListener\ExceptionListener::logKernelException". {"event":"kernel.exception","listener":"Symfony\\Component\\HttpKernel\\EventListener\\ExceptionListener::logKernelException"} []
[2019-06-21 07:04:53] event.DEBUG: Notified event "kernel.exception" to listener "Symfony\Component\HttpKernel\EventListener\RouterListener::onKernelException". {"event":"kernel.exception","listener":"Symfony\\Component\\HttpKernel\\EventListener\\RouterListener::onKernelException"} []
[2019-06-21 07:04:53] event.DEBUG: Notified event "kernel.exception" to listener "Symfony\Component\HttpKernel\EventListener\ExceptionListener::onKernelException". {"event":"kernel.exception","listener":"Symfony\\Component\\HttpKernel\\EventListener\\ExceptionListener::onKernelException"} []
[2019-06-21 07:04:53] event.DEBUG: Listener "Symfony\Component\HttpKernel\EventListener\ExceptionListener::onKernelException" stopped propagation of the event "kernel.exception". {"event":"kernel.exception","listener":"Symfony\\Component\\HttpKernel\\EventListener\\ExceptionListener::onKernelException"} []
[2019-06-21 07:04:53] event.DEBUG: Listener "Symfony\Component\HttpKernel\EventListener\ExceptionListener::onKernelException" was not called for event "kernel.exception". {"event":"kernel.exception","listener":"Symfony\\Component\\HttpKernel\\EventListener\\ExceptionListener::onKernelException"} []
[2019-06-21 07:04:53] event.DEBUG: Notified event "kernel.response" to listener "Symfony\Component\HttpKernel\EventListener\ResponseListener::onKernelResponse". {"event":"kernel.response","listener":"Symfony\\Component\\HttpKernel\\EventListener\\ResponseListener::onKernelResponse"} []
[2019-06-21 07:04:53] event.DEBUG: Notified event "kernel.response" to listener "Symfony\Component\WebLink\EventListener\AddLinkHeaderListener::onKernelResponse". {"event":"kernel.response","listener":"Symfony\\Component\\WebLink\\EventListener\\AddLinkHeaderListener::onKernelResponse"} []
[2019-06-21 07:04:53] event.DEBUG: Notified event "kernel.response" to listener "Sensio\Bundle\FrameworkExtraBundle\EventListener\HttpCacheListener::onKernelResponse". {"event":"kernel.response","listener":"Sensio\\Bundle\\FrameworkExtraBundle\\EventListener\\HttpCacheListener::onKernelResponse"} []
[2019-06-21 07:04:53] event.DEBUG: Notified event "kernel.response" to listener "Symfony\Component\Security\Http\RememberMe\ResponseListener::onKernelResponse". {"event":"kernel.response","listener":"Symfony\\Component\\Security\\Http\\RememberMe\\ResponseListener::onKernelResponse"} []
[2019-06-21 07:04:53] event.DEBUG: Notified event "kernel.response" to listener "Symfony\Component\HttpKernel\EventListener\SessionListener::onKernelResponse". {"event":"kernel.response","listener":"Symfony\\Component\\HttpKernel\\EventListener\\SessionListener::onKernelResponse"} []
[2019-06-21 07:04:53] event.DEBUG: Notified event "kernel.response" to listener "Symfony\Component\HttpKernel\EventListener\StreamedResponseListener::onKernelResponse". {"event":"kernel.response","listener":"Symfony\\Component\\HttpKernel\\EventListener\\StreamedResponseListener::onKernelResponse"} []
[2019-06-21 07:04:53] event.DEBUG: Notified event "kernel.finish_request" to listener "Symfony\Component\HttpKernel\EventListener\LocaleListener::onKernelFinishRequest". {"event":"kernel.finish_request","listener":"Symfony\\Component\\HttpKernel\\EventListener\\LocaleListener::onKernelFinishRequest"} []
[2019-06-21 07:04:53] event.DEBUG: Notified event "kernel.finish_request" to listener "Symfony\Component\HttpKernel\EventListener\SessionListener::onFinishRequest". {"event":"kernel.finish_request","listener":"Symfony\\Component\\HttpKernel\\EventListener\\SessionListener::onFinishRequest"} []
[2019-06-21 07:04:53] event.DEBUG: Notified event "kernel.finish_request" to listener "Symfony\Component\HttpKernel\EventListener\RouterListener::onKernelFinishRequest". {"event":"kernel.finish_request","listener":"Symfony\\Component\\HttpKernel\\EventListener\\RouterListener::onKernelFinishRequest"} []
[2019-06-21 07:04:53] event.DEBUG: Notified event "kernel.finish_request" to listener "Symfony\Bundle\SecurityBundle\Debug\TraceableFirewallListener::onKernelFinishRequest". {"event":"kernel.finish_request","listener":"Symfony\\Bundle\\SecurityBundle\\Debug\\TraceableFirewallListener::onKernelFinishRequest"} []
[2019-06-21 07:04:53] event.DEBUG: Notified event "kernel.terminate" to listener "Symfony\Bundle\SwiftmailerBundle\EventListener\EmailSenderListener::onTerminate". {"event":"kernel.terminate","listener":"Symfony\\Bundle\\SwiftmailerBundle\\EventListener\\EmailSenderListener::onTerminate"} []
[2019-06-21 07:04:57] request.INFO: Matched route "connect_keycloak_check". {"route":"connect_keycloak_check","route_parameters":{"_route":"connect_keycloak_check","_controller":"App\\Controller\\KeyCloakAuthController::connectCheckAction"},"request_uri":"http://localhost:8000/check?code=129efac6-2982-4a9a-8c07-bba629d16a51.8acc422b-61d0-42be-996e-cf9f70fd4e16.5961022f-8ae2-4bf3-abca-ce0ca547c726&session_state=8acc422b-61d0-42be-996e-cf9f70fd4e16&state=12e1f9d174a41b9166993518c67d2b86","method":"GET"} []
[2019-06-21 07:04:57] security.DEBUG: Checking for guard authentication credentials. {"firewall_key":"secure_area","authenticators":1} []
[2019-06-21 07:04:57] security.DEBUG: Checking support on guard authenticator. {"firewall_key":"secure_area","authenticator":"App\\Security\\KeycloakAuthenticator"} []
[2019-06-21 07:04:57] security.DEBUG: Calling getCredentials() on guard authenticator. {"firewall_key":"secure_area","authenticator":"App\\Security\\KeycloakAuthenticator"} []
[2019-06-21 07:04:57] security.DEBUG: Passing guard token information to the GuardAuthenticationProvider {"firewall_key":"secure_area","authenticator":"App\\Security\\KeycloakAuthenticator"} []
[2019-06-21 07:04:57] event.DEBUG: Notified event "kernel.request" to listener "Symfony\Component\HttpKernel\EventListener\DebugHandlersListener::configure". {"event":"kernel.request","listener":"Symfony\\Component\\HttpKernel\\EventListener\\DebugHandlersListener::configure"} []
[2019-06-21 07:04:57] event.DEBUG: Notified event "kernel.request" to listener "Symfony\Component\HttpKernel\EventListener\ValidateRequestListener::onKernelRequest". {"event":"kernel.request","listener":"Symfony\\Component\\HttpKernel\\EventListener\\ValidateRequestListener::onKernelRequest"} []
[2019-06-21 07:04:57] event.DEBUG: Notified event "kernel.request" to listener "Symfony\Component\HttpKernel\EventListener\SessionListener::onKernelRequest". {"event":"kernel.request","listener":"Symfony\\Component\\HttpKernel\\EventListener\\SessionListener::onKernelRequest"} []
[2019-06-21 07:04:57] event.DEBUG: Notified event "kernel.request" to listener "Symfony\Component\HttpKernel\EventListener\RouterListener::onKernelRequest". {"event":"kernel.request","listener":"Symfony\\Component\\HttpKernel\\EventListener\\RouterListener::onKernelRequest"} []
[2019-06-21 07:04:57] event.DEBUG: Notified event "kernel.request" to listener "Symfony\Bundle\FrameworkBundle\EventListener\ResolveControllerNameSubscriber::onKernelRequest". {"event":"kernel.request","listener":"Symfony\\Bundle\\FrameworkBundle\\EventListener\\ResolveControllerNameSubscriber::onKernelRequest"} []
[2019-06-21 07:04:57] event.DEBUG: Notified event "kernel.request" to listener "Symfony\Component\HttpKernel\EventListener\LocaleListener::onKernelRequest". {"event":"kernel.request","listener":"Symfony\\Component\\HttpKernel\\EventListener\\LocaleListener::onKernelRequest"} []
[2019-06-21 07:04:57] event.DEBUG: Notified event "kernel.request" to listener "Symfony\Bundle\SecurityBundle\Debug\TraceableFirewallListener::onKernelRequest". {"event":"kernel.request","listener":"Symfony\\Bundle\\SecurityBundle\\Debug\\TraceableFirewallListener::onKernelRequest"} []
[2019-06-21 07:04:57] request.CRITICAL: Uncaught PHP Exception InvalidArgumentException: "URI must be a string or UriInterface" at C:\Users\L_200606688\Desktop\data-platform\trb-platform\vendor\guzzlehttp\psr7\src\functions.php line 62 {"exception":"[object] (InvalidArgumentException(code: 0): URI must be a string or UriInterface at C:\\Users\\L_200606688\\Desktop\\data-platform\\trb-platform\\vendor\\guzzlehttp\\psr7\\src\\functions.php:62)"} []
[2019-06-21 07:04:57] event.DEBUG: Notified event "kernel.request" to listener "Symfony\Component\HttpKernel\EventListener\DebugHandlersListener::configure". {"event":"kernel.request","listener":"Symfony\\Component\\HttpKernel\\EventListener\\DebugHandlersListener::configure"} []
[2019-06-21 07:04:57] event.DEBUG: Notified event "kernel.request" to listener "Symfony\Component\HttpKernel\EventListener\ValidateRequestListener::onKernelRequest". {"event":"kernel.request","listener":"Symfony\\Component\\HttpKernel\\EventListener\\ValidateRequestListener::onKernelRequest"} []
[2019-06-21 07:04:57] event.DEBUG: Notified event "kernel.request" to listener "Symfony\Component\HttpKernel\EventListener\SessionListener::onKernelRequest". {"event":"kernel.request","listener":"Symfony\\Component\\HttpKernel\\EventListener\\SessionListener::onKernelRequest"} []
[2019-06-21 07:04:57] event.DEBUG: Notified event "kernel.request" to listener "Symfony\Component\HttpKernel\EventListener\RouterListener::onKernelRequest". {"event":"kernel.request","listener":"Symfony\\Component\\HttpKernel\\EventListener\\RouterListener::onKernelRequest"} []
[2019-06-21 07:04:57] event.DEBUG: Notified event "kernel.request" to listener "Symfony\Bundle\FrameworkBundle\EventListener\ResolveControllerNameSubscriber::onKernelRequest". {"event":"kernel.request","listener":"Symfony\\Bundle\\FrameworkBundle\\EventListener\\ResolveControllerNameSubscriber::onKernelRequest"} []
[2019-06-21 07:04:57] event.DEBUG: Notified event "kernel.request" to listener "Symfony\Component\HttpKernel\EventListener\LocaleListener::onKernelRequest". {"event":"kernel.request","listener":"Symfony\\Component\\HttpKernel\\EventListener\\LocaleListener::onKernelRequest"} []
[2019-06-21 07:04:57] event.DEBUG: Notified event "kernel.request" to listener "Symfony\Bundle\SecurityBundle\Debug\TraceableFirewallListener::onKernelRequest". {"event":"kernel.request","listener":"Symfony\\Bundle\\SecurityBundle\\Debug\\TraceableFirewallListener::onKernelRequest"} []
[2019-06-21 07:04:57] event.DEBUG: Notified event "kernel.controller" to listener "Sensio\Bundle\FrameworkExtraBundle\EventListener\ControllerListener::onKernelController". {"event":"kernel.controller","listener":"Sensio\\Bundle\\FrameworkExtraBundle\\EventListener\\ControllerListener::onKernelController"} []
[2019-06-21 07:04:57] event.DEBUG: Notified event "kernel.controller" to listener "Sensio\Bundle\FrameworkExtraBundle\EventListener\ParamConverterListener::onKernelController". {"event":"kernel.controller","listener":"Sensio\\Bundle\\FrameworkExtraBundle\\EventListener\\ParamConverterListener::onKernelController"} []
[2019-06-21 07:04:57] event.DEBUG: Notified event "kernel.controller" to listener "Sensio\Bundle\FrameworkExtraBundle\EventListener\HttpCacheListener::onKernelController". {"event":"kernel.controller","listener":"Sensio\\Bundle\\FrameworkExtraBundle\\EventListener\\HttpCacheListener::onKernelController"} []
[2019-06-21 07:04:57] event.DEBUG: Notified event "kernel.controller" to listener "Sensio\Bundle\FrameworkExtraBundle\EventListener\TemplateListener::onKernelController". {"event":"kernel.controller","listener":"Sensio\\Bundle\\FrameworkExtraBundle\\EventListener\\TemplateListener::onKernelController"} []
[2019-06-21 07:04:57] event.DEBUG: Notified event "kernel.controller_arguments" to listener "Sensio\Bundle\FrameworkExtraBundle\EventListener\SecurityListener::onKernelControllerArguments". {"event":"kernel.controller_arguments","listener":"Sensio\\Bundle\\FrameworkExtraBundle\\EventListener\\SecurityListener::onKernelControllerArguments"} []
[2019-06-21 07:04:57] event.DEBUG: Notified event "kernel.controller_arguments" to listener "Sensio\Bundle\FrameworkExtraBundle\EventListener\IsGrantedListener::onKernelControllerArguments". {"event":"kernel.controller_arguments","listener":"Sensio\\Bundle\\FrameworkExtraBundle\\EventListener\\IsGrantedListener::onKernelControllerArguments"} []
[2019-06-21 07:04:58] event.DEBUG: Notified event "kernel.response" to listener "Symfony\Component\HttpKernel\EventListener\ResponseListener::onKernelResponse". {"event":"kernel.response","listener":"Symfony\\Component\\HttpKernel\\EventListener\\ResponseListener::onKernelResponse"} []
[2019-06-21 07:04:58] event.DEBUG: Notified event "kernel.response" to listener "Symfony\Component\WebLink\EventListener\AddLinkHeaderListener::onKernelResponse". {"event":"kernel.response","listener":"Symfony\\Component\\WebLink\\EventListener\\AddLinkHeaderListener::onKernelResponse"} []
[2019-06-21 07:04:58] event.DEBUG: Notified event "kernel.response" to listener "Sensio\Bundle\FrameworkExtraBundle\EventListener\HttpCacheListener::onKernelResponse". {"event":"kernel.response","listener":"Sensio\\Bundle\\FrameworkExtraBundle\\EventListener\\HttpCacheListener::onKernelResponse"} []
[2019-06-21 07:04:58] event.DEBUG: Notified event "kernel.response" to listener "Symfony\Component\Security\Http\RememberMe\ResponseListener::onKernelResponse". {"event":"kernel.response","listener":"Symfony\\Component\\Security\\Http\\RememberMe\\ResponseListener::onKernelResponse"} []
[2019-06-21 07:04:58] event.DEBUG: Notified event "kernel.response" to listener "Symfony\Component\Security\Http\Firewall\ContextListener::onKernelResponse". {"event":"kernel.response","listener":"Symfony\\Component\\Security\\Http\\Firewall\\ContextListener::onKernelResponse"} []
[2019-06-21 07:04:58] event.DEBUG: Notified event "kernel.response" to listener "Symfony\Component\HttpKernel\EventListener\SessionListener::onKernelResponse". {"event":"kernel.response","listener":"Symfony\\Component\\HttpKernel\\EventListener\\SessionListener::onKernelResponse"} []
[2019-06-21 07:04:58] event.DEBUG: Notified event "kernel.response" to listener "Symfony\Component\HttpKernel\EventListener\StreamedResponseListener::onKernelResponse". {"event":"kernel.response","listener":"Symfony\\Component\\HttpKernel\\EventListener\\StreamedResponseListener::onKernelResponse"} []
[2019-06-21 07:04:58] event.DEBUG: Notified event "kernel.finish_request" to listener "Symfony\Component\HttpKernel\EventListener\LocaleListener::onKernelFinishRequest". {"event":"kernel.finish_request","listener":"Symfony\\Component\\HttpKernel\\EventListener\\LocaleListener::onKernelFinishRequest"} []
[2019-06-21 07:04:58] event.DEBUG: Notified event "kernel.finish_request" to listener "Symfony\Component\HttpKernel\EventListener\SessionListener::onFinishRequest". {"event":"kernel.finish_request","listener":"Symfony\\Component\\HttpKernel\\EventListener\\SessionListener::onFinishRequest"} []
[2019-06-21 07:04:58] event.DEBUG: Notified event "kernel.finish_request" to listener "Symfony\Component\HttpKernel\EventListener\RouterListener::onKernelFinishRequest". {"event":"kernel.finish_request","listener":"Symfony\\Component\\HttpKernel\\EventListener\\RouterListener::onKernelFinishRequest"} []
[2019-06-21 07:04:58] event.DEBUG: Notified event "kernel.finish_request" to listener "Symfony\Bundle\SecurityBundle\Debug\TraceableFirewallListener::onKernelFinishRequest". {"event":"kernel.finish_request","listener":"Symfony\\Bundle\\SecurityBundle\\Debug\\TraceableFirewallListener::onKernelFinishRequest"} []
[2019-06-21 07:04:58] event.DEBUG: Notified event "kernel.exception" to listener "Symfony\Component\Security\Http\Firewall\ExceptionListener::onKernelException". {"event":"kernel.exception","listener":"Symfony\\Component\\Security\\Http\\Firewall\\ExceptionListener::onKernelException"} []
[2019-06-21 07:04:58] event.DEBUG: Notified event "kernel.exception" to listener "App\Listener\KeycloakExceptionListener::onKernelException". {"event":"kernel.exception","listener":"App\\Listener\\KeycloakExceptionListener::onKernelException"} []
[2019-06-21 07:04:58] event.DEBUG: Notified event "kernel.exception" to listener "Symfony\Bundle\SwiftmailerBundle\EventListener\EmailSenderListener::onException". {"event":"kernel.exception","listener":"Symfony\\Bundle\\SwiftmailerBundle\\EventListener\\EmailSenderListener::onException"} []
[2019-06-21 07:04:58] event.DEBUG: Notified event "kernel.exception" to listener "Symfony\Component\HttpKernel\EventListener\ExceptionListener::logKernelException". {"event":"kernel.exception","listener":"Symfony\\Component\\HttpKernel\\EventListener\\ExceptionListener::logKernelException"} []
[2019-06-21 07:04:58] event.DEBUG: Notified event "kernel.exception" to listener "Symfony\Component\HttpKernel\EventListener\RouterListener::onKernelException". {"event":"kernel.exception","listener":"Symfony\\Component\\HttpKernel\\EventListener\\RouterListener::onKernelException"} []
[2019-06-21 07:04:58] event.DEBUG: Notified event "kernel.exception" to listener "Symfony\Component\HttpKernel\EventListener\ExceptionListener::onKernelException". {"event":"kernel.exception","listener":"Symfony\\Component\\HttpKernel\\EventListener\\ExceptionListener::onKernelException"} []
[2019-06-21 07:04:58] event.DEBUG: Listener "Symfony\Component\HttpKernel\EventListener\ExceptionListener::onKernelException" stopped propagation of the event "kernel.exception". {"event":"kernel.exception","listener":"Symfony\\Component\\HttpKernel\\EventListener\\ExceptionListener::onKernelException"} []
[2019-06-21 07:04:58] event.DEBUG: Listener "Symfony\Component\HttpKernel\EventListener\ExceptionListener::onKernelException" was not called for event "kernel.exception". {"event":"kernel.exception","listener":"Symfony\\Component\\HttpKernel\\EventListener\\ExceptionListener::onKernelException"} []
[2019-06-21 07:04:58] event.DEBUG: Notified event "kernel.response" to listener "Symfony\Component\HttpKernel\EventListener\ResponseListener::onKernelResponse". {"event":"kernel.response","listener":"Symfony\\Component\\HttpKernel\\EventListener\\ResponseListener::onKernelResponse"} []
[2019-06-21 07:04:58] event.DEBUG: Notified event "kernel.response" to listener "Symfony\Component\WebLink\EventListener\AddLinkHeaderListener::onKernelResponse". {"event":"kernel.response","listener":"Symfony\\Component\\WebLink\\EventListener\\AddLinkHeaderListener::onKernelResponse"} []
[2019-06-21 07:04:58] event.DEBUG: Notified event "kernel.response" to listener "Sensio\Bundle\FrameworkExtraBundle\EventListener\HttpCacheListener::onKernelResponse". {"event":"kernel.response","listener":"Sensio\\Bundle\\FrameworkExtraBundle\\EventListener\\HttpCacheListener::onKernelResponse"} []
[2019-06-21 07:04:58] event.DEBUG: Notified event "kernel.response" to listener "Symfony\Component\Security\Http\RememberMe\ResponseListener::onKernelResponse". {"event":"kernel.response","listener":"Symfony\\Component\\Security\\Http\\RememberMe\\ResponseListener::onKernelResponse"} []
[2019-06-21 07:04:58] event.DEBUG: Notified event "kernel.response" to listener "Symfony\Component\HttpKernel\EventListener\SessionListener::onKernelResponse". {"event":"kernel.response","listener":"Symfony\\Component\\HttpKernel\\EventListener\\SessionListener::onKernelResponse"} []
[2019-06-21 07:04:58] event.DEBUG: Notified event "kernel.response" to listener "Symfony\Component\HttpKernel\EventListener\StreamedResponseListener::onKernelResponse". {"event":"kernel.response","listener":"Symfony\\Component\\HttpKernel\\EventListener\\StreamedResponseListener::onKernelResponse"} []
[2019-06-21 07:04:58] event.DEBUG: Notified event "kernel.finish_request" to listener "Symfony\Component\HttpKernel\EventListener\LocaleListener::onKernelFinishRequest". {"event":"kernel.finish_request","listener":"Symfony\\Component\\HttpKernel\\EventListener\\LocaleListener::onKernelFinishRequest"} []
[2019-06-21 07:04:58] event.DEBUG: Notified event "kernel.finish_request" to listener "Symfony\Component\HttpKernel\EventListener\SessionListener::onFinishRequest". {"event":"kernel.finish_request","listener":"Symfony\\Component\\HttpKernel\\EventListener\\SessionListener::onFinishRequest"} []
[2019-06-21 07:04:58] event.DEBUG: Notified event "kernel.finish_request" to listener "Symfony\Component\HttpKernel\EventListener\RouterListener::onKernelFinishRequest". {"event":"kernel.finish_request","listener":"Symfony\\Component\\HttpKernel\\EventListener\\RouterListener::onKernelFinishRequest"} []
[2019-06-21 07:04:58] event.DEBUG: Notified event "kernel.finish_request" to listener "Symfony\Bundle\SecurityBundle\Debug\TraceableFirewallListener::onKernelFinishRequest". {"event":"kernel.finish_request","listener":"Symfony\\Bundle\\SecurityBundle\\Debug\\TraceableFirewallListener::onKernelFinishRequest"} []
[2019-06-21 07:04:58] event.DEBUG: Notified event "kernel.terminate" to listener "Symfony\Bundle\SwiftmailerBundle\EventListener\EmailSenderListener::onTerminate". {"event":"kernel.terminate","listener":"Symfony\\Bundle\\SwiftmailerBundle\\EventListener\\EmailSenderListener::onTerminate"} []
[2019-06-21 09:10:55] request.INFO: Matched route "connect_keycloak_check". {"route":"connect_keycloak_check","route_parameters":{"_route":"connect_keycloak_check","_controller":"App\\Controller\\KeyCloakAuthController::connectCheckAction"},"request_uri":"http://localhost:8000/check?code=e15adc6d-d979-4ef4-894b-9371944508f8.a62918a2-04d3-4e81-9f51-f9115a399e02.5961022f-8ae2-4bf3-abca-ce0ca547c726&session_state=a62918a2-04d3-4e81-9f51-f9115a399e02&state=d76852ab09807448037deec29843687c","method":"GET"} []
[2019-06-21 09:10:55] security.DEBUG: Checking for guard authentication credentials. {"firewall_key":"secure_area","authenticators":1} []
[2019-06-21 09:10:55] security.DEBUG: Checking support on guard authenticator. {"firewall_key":"secure_area","authenticator":"App\\Security\\KeycloakAuthenticator"} []
[2019-06-21 09:10:55] security.DEBUG: Calling getCredentials() on guard authenticator. {"firewall_key":"secure_area","authenticator":"App\\Security\\KeycloakAuthenticator"} []
[2019-06-21 09:10:55] security.DEBUG: Passing guard token information to the GuardAuthenticationProvider {"firewall_key":"secure_area","authenticator":"App\\Security\\KeycloakAuthenticator"} []
[2019-06-21 09:10:55] event.DEBUG: Notified event "kernel.request" to listener "Symfony\Component\HttpKernel\EventListener\DebugHandlersListener::configure". {"event":"kernel.request","listener":"Symfony\\Component\\HttpKernel\\EventListener\\DebugHandlersListener::configure"} []
[2019-06-21 09:10:55] event.DEBUG: Notified event "kernel.request" to listener "Symfony\Component\HttpKernel\EventListener\ValidateRequestListener::onKernelRequest". {"event":"kernel.request","listener":"Symfony\\Component\\HttpKernel\\EventListener\\ValidateRequestListener::onKernelRequest"} []
[2019-06-21 09:10:55] event.DEBUG: Notified event "kernel.request" to listener "Symfony\Component\HttpKernel\EventListener\SessionListener::onKernelRequest". {"event":"kernel.request","listener":"Symfony\\Component\\HttpKernel\\EventListener\\SessionListener::onKernelRequest"} []
[2019-06-21 09:10:55] event.DEBUG: Notified event "kernel.request" to listener "Symfony\Component\HttpKernel\EventListener\RouterListener::onKernelRequest". {"event":"kernel.request","listener":"Symfony\\Component\\HttpKernel\\EventListener\\RouterListener::onKernelRequest"} []
[2019-06-21 09:10:55] event.DEBUG: Notified event "kernel.request" to listener "Symfony\Bundle\FrameworkBundle\EventListener\ResolveControllerNameSubscriber::onKernelRequest". {"event":"kernel.request","listener":"Symfony\\Bundle\\FrameworkBundle\\EventListener\\ResolveControllerNameSubscriber::onKernelRequest"} []
[2019-06-21 09:10:55] event.DEBUG: Notified event "kernel.request" to listener "Symfony\Component\HttpKernel\EventListener\LocaleListener::onKernelRequest". {"event":"kernel.request","listener":"Symfony\\Component\\HttpKernel\\EventListener\\LocaleListener::onKernelRequest"} []
[2019-06-21 09:10:55] event.DEBUG: Notified event "kernel.request" to listener "Symfony\Bundle\SecurityBundle\Debug\TraceableFirewallListener::onKernelRequest". {"event":"kernel.request","listener":"Symfony\\Bundle\\SecurityBundle\\Debug\\TraceableFirewallListener::onKernelRequest"} []
[2019-06-21 09:10:55] request.CRITICAL: Uncaught PHP Exception InvalidArgumentException: "URI must be a string or UriInterface" at C:\Users\L_200606688\Desktop\data-platform\trb-platform\vendor\guzzlehttp\psr7\src\functions.php line 62 {"exception":"[object] (InvalidArgumentException(code: 0): URI must be a string or UriInterface at C:\\Users\\L_200606688\\Desktop\\data-platform\\trb-platform\\vendor\\guzzlehttp\\psr7\\src\\functions.php:62)"} []
[2019-06-21 09:10:55] event.DEBUG: Notified event "kernel.request" to listener "Symfony\Component\HttpKernel\EventListener\DebugHandlersListener::configure". {"event":"kernel.request","listener":"Symfony\\Component\\HttpKernel\\EventListener\\DebugHandlersListener::configure"} []
[2019-06-21 09:10:55] event.DEBUG: Notified event "kernel.request" to listener "Symfony\Component\HttpKernel\EventListener\ValidateRequestListener::onKernelRequest". {"event":"kernel.request","listener":"Symfony\\Component\\HttpKernel\\EventListener\\ValidateRequestListener::onKernelRequest"} []
[2019-06-21 09:10:55] event.DEBUG: Notified event "kernel.request" to listener "Symfony\Component\HttpKernel\EventListener\SessionListener::onKernelRequest". {"event":"kernel.request","listener":"Symfony\\Component\\HttpKernel\\EventListener\\SessionListener::onKernelRequest"} []
[2019-06-21 09:10:55] event.DEBUG: Notified event "kernel.request" to listener "Symfony\Component\HttpKernel\EventListener\RouterListener::onKernelRequest". {"event":"kernel.request","listener":"Symfony\\Component\\HttpKernel\\EventListener\\RouterListener::onKernelRequest"} []
[2019-06-21 09:10:55] event.DEBUG: Notified event "kernel.request" to listener "Symfony\Bundle\FrameworkBundle\EventListener\ResolveControllerNameSubscriber::onKernelRequest". {"event":"kernel.request","listener":"Symfony\\Bundle\\FrameworkBundle\\EventListener\\ResolveControllerNameSubscriber::onKernelRequest"} []
[2019-06-21 09:10:55] event.DEBUG: Notified event "kernel.request" to listener "Symfony\Component\HttpKernel\EventListener\LocaleListener::onKernelRequest". {"event":"kernel.request","listener":"Symfony\\Component\\HttpKernel\\EventListener\\LocaleListener::onKernelRequest"} []
[2019-06-21 09:10:55] event.DEBUG: Notified event "kernel.request" to listener "Symfony\Bundle\SecurityBundle\Debug\TraceableFirewallListener::onKernelRequest". {"event":"kernel.request","listener":"Symfony\\Bundle\\SecurityBundle\\Debug\\TraceableFirewallListener::onKernelRequest"} []
[2019-06-21 09:10:55] event.DEBUG: Notified event "kernel.controller" to listener "Sensio\Bundle\FrameworkExtraBundle\EventListener\ControllerListener::onKernelController". {"event":"kernel.controller","listener":"Sensio\\Bundle\\FrameworkExtraBundle\\EventListener\\ControllerListener::onKernelController"} []
[2019-06-21 09:10:55] event.DEBUG: Notified event "kernel.controller" to listener "Sensio\Bundle\FrameworkExtraBundle\EventListener\ParamConverterListener::onKernelController". {"event":"kernel.controller","listener":"Sensio\\Bundle\\FrameworkExtraBundle\\EventListener\\ParamConverterListener::onKernelController"} []
[2019-06-21 09:10:55] event.DEBUG: Notified event "kernel.controller" to listener "Sensio\Bundle\FrameworkExtraBundle\EventListener\HttpCacheListener::onKernelController". {"event":"kernel.controller","listener":"Sensio\\Bundle\\FrameworkExtraBundle\\EventListener\\HttpCacheListener::onKernelController"} []
[2019-06-21 09:10:55] event.DEBUG: Notified event "kernel.controller" to listener "Sensio\Bundle\FrameworkExtraBundle\EventListener\TemplateListener::onKernelController". {"event":"kernel.controller","listener":"Sensio\\Bundle\\FrameworkExtraBundle\\EventListener\\TemplateListener::onKernelController"} []
[2019-06-21 09:10:55] event.DEBUG: Notified event "kernel.controller_arguments" to listener "Sensio\Bundle\FrameworkExtraBundle\EventListener\SecurityListener::onKernelControllerArguments". {"event":"kernel.controller_arguments","listener":"Sensio\\Bundle\\FrameworkExtraBundle\\EventListener\\SecurityListener::onKernelControllerArguments"} []
[2019-06-21 09:10:55] event.DEBUG: Notified event "kernel.controller_arguments" to listener "Sensio\Bundle\FrameworkExtraBundle\EventListener\IsGrantedListener::onKernelControllerArguments". {"event":"kernel.controller_arguments","listener":"Sensio\\Bundle\\FrameworkExtraBundle\\EventListener\\IsGrantedListener::onKernelControllerArguments"} []
[2019-06-21 09:10:55] event.DEBUG: Notified event "kernel.response" to listener "Symfony\Component\HttpKernel\EventListener\ResponseListener::onKernelResponse". {"event":"kernel.response","listener":"Symfony\\Component\\HttpKernel\\EventListener\\ResponseListener::onKernelResponse"} []
[2019-06-21 09:10:55] event.DEBUG: Notified event "kernel.response" to listener "Symfony\Component\WebLink\EventListener\AddLinkHeaderListener::onKernelResponse". {"event":"kernel.response","listener":"Symfony\\Component\\WebLink\\EventListener\\AddLinkHeaderListener::onKernelResponse"} []
[2019-06-21 09:10:55] event.DEBUG: Notified event "kernel.response" to listener "Sensio\Bundle\FrameworkExtraBundle\EventListener\HttpCacheListener::onKernelResponse". {"event":"kernel.response","listener":"Sensio\\Bundle\\FrameworkExtraBundle\\EventListener\\HttpCacheListener::onKernelResponse"} []
[2019-06-21 09:10:55] event.DEBUG: Notified event "kernel.response" to listener "Symfony\Component\Security\Http\RememberMe\ResponseListener::onKernelResponse". {"event":"kernel.response","listener":"Symfony\\Component\\Security\\Http\\RememberMe\\ResponseListener::onKernelResponse"} []
[2019-06-21 09:10:55] event.DEBUG: Notified event "kernel.response" to listener "Symfony\Component\Security\Http\Firewall\ContextListener::onKernelResponse". {"event":"kernel.response","listener":"Symfony\\Component\\Security\\Http\\Firewall\\ContextListener::onKernelResponse"} []
[2019-06-21 09:10:55] event.DEBUG: Notified event "kernel.response" to listener "Symfony\Component\HttpKernel\EventListener\SessionListener::onKernelResponse". {"event":"kernel.response","listener":"Symfony\\Component\\HttpKernel\\EventListener\\SessionListener::onKernelResponse"} []
[2019-06-21 09:10:55] event.DEBUG: Notified event "kernel.response" to listener "Symfony\Component\HttpKernel\EventListener\StreamedResponseListener::onKernelResponse". {"event":"kernel.response","listener":"Symfony\\Component\\HttpKernel\\EventListener\\StreamedResponseListener::onKernelResponse"} []
[2019-06-21 09:10:55] event.DEBUG: Notified event "kernel.finish_request" to listener "Symfony\Component\HttpKernel\EventListener\LocaleListener::onKernelFinishRequest". {"event":"kernel.finish_request","listener":"Symfony\\Component\\HttpKernel\\EventListener\\LocaleListener::onKernelFinishRequest"} []
[2019-06-21 09:10:55] event.DEBUG: Notified event "kernel.finish_request" to listener "Symfony\Component\HttpKernel\EventListener\SessionListener::onFinishRequest". {"event":"kernel.finish_request","listener":"Symfony\\Component\\HttpKernel\\EventListener\\SessionListener::onFinishRequest"} []
[2019-06-21 09:10:55] event.DEBUG: Notified event "kernel.finish_request" to listener "Symfony\Component\HttpKernel\EventListener\RouterListener::onKernelFinishRequest". {"event":"kernel.finish_request","listener":"Symfony\\Component\\HttpKernel\\EventListener\\RouterListener::onKernelFinishRequest"} []
[2019-06-21 09:10:55] event.DEBUG: Notified event "kernel.finish_request" to listener "Symfony\Bundle\SecurityBundle\Debug\TraceableFirewallListener::onKernelFinishRequest". {"event":"kernel.finish_request","listener":"Symfony\\Bundle\\SecurityBundle\\Debug\\TraceableFirewallListener::onKernelFinishRequest"} []
[2019-06-21 09:10:55] event.DEBUG: Notified event "kernel.exception" to listener "Symfony\Component\Security\Http\Firewall\ExceptionListener::onKernelException". {"event":"kernel.exception","listener":"Symfony\\Component\\Security\\Http\\Firewall\\ExceptionListener::onKernelException"} []
[2019-06-21 09:10:55] event.DEBUG: Notified event "kernel.exception" to listener "App\Listener\KeycloakExceptionListener::onKernelException". {"event":"kernel.exception","listener":"App\\Listener\\KeycloakExceptionListener::onKernelException"} []
[2019-06-21 09:10:55] event.DEBUG: Notified event "kernel.exception" to listener "Symfony\Bundle\SwiftmailerBundle\EventListener\EmailSenderListener::onException". {"event":"kernel.exception","listener":"Symfony\\Bundle\\SwiftmailerBundle\\EventListener\\EmailSenderListener::onException"} []
[2019-06-21 09:10:55] event.DEBUG: Notified event "kernel.exception" to listener "Symfony\Component\HttpKernel\EventListener\ExceptionListener::logKernelException". {"event":"kernel.exception","listener":"Symfony\\Component\\HttpKernel\\EventListener\\ExceptionListener::logKernelException"} []
[2019-06-21 09:10:55] event.DEBUG: Notified event "kernel.exception" to listener "Symfony\Component\HttpKernel\EventListener\RouterListener::onKernelException". {"event":"kernel.exception","listener":"Symfony\\Component\\HttpKernel\\EventListener\\RouterListener::onKernelException"} []
[2019-06-21 09:10:55] event.DEBUG: Notified event "kernel.exception" to listener "Symfony\Component\HttpKernel\EventListener\ExceptionListener::onKernelException". {"event":"kernel.exception","listener":"Symfony\\Component\\HttpKernel\\EventListener\\ExceptionListener::onKernelException"} []
[2019-06-21 09:10:55] event.DEBUG: Listener "Symfony\Component\HttpKernel\EventListener\ExceptionListener::onKernelException" stopped propagation of the event "kernel.exception". {"event":"kernel.exception","listener":"Symfony\\Component\\HttpKernel\\EventListener\\ExceptionListener::onKernelException"} []
[2019-06-21 09:10:55] event.DEBUG: Listener "Symfony\Component\HttpKernel\EventListener\ExceptionListener::onKernelException" was not called for event "kernel.exception". {"event":"kernel.exception","listener":"Symfony\\Component\\HttpKernel\\EventListener\\ExceptionListener::onKernelException"} []
[2019-06-21 09:10:55] event.DEBUG: Notified event "kernel.response" to listener "Symfony\Component\HttpKernel\EventListener\ResponseListener::onKernelResponse". {"event":"kernel.response","listener":"Symfony\\Component\\HttpKernel\\EventListener\\ResponseListener::onKernelResponse"} []
[2019-06-21 09:10:55] event.DEBUG: Notified event "kernel.response" to listener "Symfony\Component\WebLink\EventListener\AddLinkHeaderListener::onKernelResponse". {"event":"kernel.response","listener":"Symfony\\Component\\WebLink\\EventListener\\AddLinkHeaderListener::onKernelResponse"} []
[2019-06-21 09:10:55] event.DEBUG: Notified event "kernel.response" to listener "Sensio\Bundle\FrameworkExtraBundle\EventListener\HttpCacheListener::onKernelResponse". {"event":"kernel.response","listener":"Sensio\\Bundle\\FrameworkExtraBundle\\EventListener\\HttpCacheListener::onKernelResponse"} []
[2019-06-21 09:10:55] event.DEBUG: Notified event "kernel.response" to listener "Symfony\Component\Security\Http\RememberMe\ResponseListener::onKernelResponse". {"event":"kernel.response","listener":"Symfony\\Component\\Security\\Http\\RememberMe\\ResponseListener::onKernelResponse"} []
[2019-06-21 09:10:55] event.DEBUG: Notified event "kernel.response" to listener "Symfony\Component\HttpKernel\EventListener\SessionListener::onKernelResponse". {"event":"kernel.response","listener":"Symfony\\Component\\HttpKernel\\EventListener\\SessionListener::onKernelResponse"} []
[2019-06-21 09:10:55] event.DEBUG: Notified event "kernel.response" to listener "Symfony\Component\HttpKernel\EventListener\StreamedResponseListener::onKernelResponse". {"event":"kernel.response","listener":"Symfony\\Component\\HttpKernel\\EventListener\\StreamedResponseListener::onKernelResponse"} []
[2019-06-21 09:10:55] event.DEBUG: Notified event "kernel.finish_request" to listener "Symfony\Component\HttpKernel\EventListener\LocaleListener::onKernelFinishRequest". {"event":"kernel.finish_request","listener":"Symfony\\Component\\HttpKernel\\EventListener\\LocaleListener::onKernelFinishRequest"} []
[2019-06-21 09:10:55] event.DEBUG: Notified event "kernel.finish_request" to listener "Symfony\Component\HttpKernel\EventListener\SessionListener::onFinishRequest". {"event":"kernel.finish_request","listener":"Symfony\\Component\\HttpKernel\\EventListener\\SessionListener::onFinishRequest"} []
[2019-06-21 09:10:55] event.DEBUG: Notified event "kernel.finish_request" to listener "Symfony\Component\HttpKernel\EventListener\RouterListener::onKernelFinishRequest". {"event":"kernel.finish_request","listener":"Symfony\\Component\\HttpKernel\\EventListener\\RouterListener::onKernelFinishRequest"} []
[2019-06-21 09:10:55] event.DEBUG: Notified event "kernel.finish_request" to listener "Symfony\Bundle\SecurityBundle\Debug\TraceableFirewallListener::onKernelFinishRequest". {"event":"kernel.finish_request","listener":"Symfony\\Bundle\\SecurityBundle\\Debug\\TraceableFirewallListener::onKernelFinishRequest"} []
[2019-06-21 09:10:55] event.DEBUG: Notified event "kernel.terminate" to listener "Symfony\Bundle\SwiftmailerBundle\EventListener\EmailSenderListener::onTerminate". {"event":"kernel.terminate","listener":"Symfony\\Bundle\\SwiftmailerBundle\\EventListener\\EmailSenderListener::onTerminate"} []
[2019-06-21 09:12:17] request.INFO: Matched route "connect_keycloak_check". {"route":"connect_keycloak_check","route_parameters":{"_route":"connect_keycloak_check","_controller":"App\\Controller\\KeyCloakAuthController::connectCheckAction"},"request_uri":"http://localhost:8000/check?code=8e93a676-99db-436c-8e1b-3a1c0d951bcf.a62918a2-04d3-4e81-9f51-f9115a399e02.5961022f-8ae2-4bf3-abca-ce0ca547c726&session_state=a62918a2-04d3-4e81-9f51-f9115a399e02&state=d76852ab09807448037deec29843687c","method":"GET"} []
[2019-06-21 09:12:17] security.DEBUG: Checking for guard authentication credentials. {"firewall_key":"secure_area","authenticators":1} []
[2019-06-21 09:12:17] security.DEBUG: Checking support on guard authenticator. {"firewall_key":"secure_area","authenticator":"App\\Security\\KeycloakAuthenticator"} []
[2019-06-21 09:12:17] security.DEBUG: Calling getCredentials() on guard authenticator. {"firewall_key":"secure_area","authenticator":"App\\Security\\KeycloakAuthenticator"} []
[2019-06-21 09:12:17] security.DEBUG: Passing guard token information to the GuardAuthenticationProvider {"firewall_key":"secure_area","authenticator":"App\\Security\\KeycloakAuthenticator"} []
[2019-06-21 09:12:17] event.DEBUG: Notified event "kernel.request" to listener "Symfony\Component\HttpKernel\EventListener\DebugHandlersListener::configure". {"event":"kernel.request","listener":"Symfony\\Component\\HttpKernel\\EventListener\\DebugHandlersListener::configure"} []
[2019-06-21 09:12:17] event.DEBUG: Notified event "kernel.request" to listener "Symfony\Component\HttpKernel\EventListener\ValidateRequestListener::onKernelRequest". {"event":"kernel.request","listener":"Symfony\\Component\\HttpKernel\\EventListener\\ValidateRequestListener::onKernelRequest"} []
[2019-06-21 09:12:17] event.DEBUG: Notified event "kernel.request" to listener "Symfony\Component\HttpKernel\EventListener\SessionListener::onKernelRequest". {"event":"kernel.request","listener":"Symfony\\Component\\HttpKernel\\EventListener\\SessionListener::onKernelRequest"} []
[2019-06-21 09:12:17] event.DEBUG: Notified event "kernel.request" to listener "Symfony\Component\HttpKernel\EventListener\RouterListener::onKernelRequest". {"event":"kernel.request","listener":"Symfony\\Component\\HttpKernel\\EventListener\\RouterListener::onKernelRequest"} []
[2019-06-21 09:12:17] event.DEBUG: Notified event "kernel.request" to listener "Symfony\Bundle\FrameworkBundle\EventListener\ResolveControllerNameSubscriber::onKernelRequest". {"event":"kernel.request","listener":"Symfony\\Bundle\\FrameworkBundle\\EventListener\\ResolveControllerNameSubscriber::onKernelRequest"} []
[2019-06-21 09:12:17] event.DEBUG: Notified event "kernel.request" to listener "Symfony\Component\HttpKernel\EventListener\LocaleListener::onKernelRequest". {"event":"kernel.request","listener":"Symfony\\Component\\HttpKernel\\EventListener\\LocaleListener::onKernelRequest"} []
[2019-06-21 09:12:17] event.DEBUG: Notified event "kernel.request" to listener "Symfony\Bundle\SecurityBundle\Debug\TraceableFirewallListener::onKernelRequest". {"event":"kernel.request","listener":"Symfony\\Bundle\\SecurityBundle\\Debug\\TraceableFirewallListener::onKernelRequest"} []
[2019-06-21 09:12:17] request.CRITICAL: Uncaught PHP Exception InvalidArgumentException: "URI must be a string or UriInterface" at C:\Users\L_200606688\Desktop\data-platform\trb-platform\vendor\guzzlehttp\psr7\src\functions.php line 62 {"exception":"[object] (InvalidArgumentException(code: 0): URI must be a string or UriInterface at C:\\Users\\L_200606688\\Desktop\\data-platform\\trb-platform\\vendor\\guzzlehttp\\psr7\\src\\functions.php:62)"} []
[2019-06-21 09:12:17] event.DEBUG: Notified event "kernel.request" to listener "Symfony\Component\HttpKernel\EventListener\DebugHandlersListener::configure". {"event":"kernel.request","listener":"Symfony\\Component\\HttpKernel\\EventListener\\DebugHandlersListener::configure"} []
[2019-06-21 09:12:17] event.DEBUG: Notified event "kernel.request" to listener "Symfony\Component\HttpKernel\EventListener\ValidateRequestListener::onKernelRequest". {"event":"kernel.request","listener":"Symfony\\Component\\HttpKernel\\EventListener\\ValidateRequestListener::onKernelRequest"} []
[2019-06-21 09:12:17] event.DEBUG: Notified event "kernel.request" to listener "Symfony\Component\HttpKernel\EventListener\SessionListener::onKernelRequest". {"event":"kernel.request","listener":"Symfony\\Component\\HttpKernel\\EventListener\\SessionListener::onKernelRequest"} []
[2019-06-21 09:12:17] event.DEBUG: Notified event "kernel.request" to listener "Symfony\Component\HttpKernel\EventListener\RouterListener::onKernelRequest". {"event":"kernel.request","listener":"Symfony\\Component\\HttpKernel\\EventListener\\RouterListener::onKernelRequest"} []
[2019-06-21 09:12:17] event.DEBUG: Notified event "kernel.request" to listener "Symfony\Bundle\FrameworkBundle\EventListener\ResolveControllerNameSubscriber::onKernelRequest". {"event":"kernel.request","listener":"Symfony\\Bundle\\FrameworkBundle\\EventListener\\ResolveControllerNameSubscriber::onKernelRequest"} []
[2019-06-21 09:12:17] event.DEBUG: Notified event "kernel.request" to listener "Symfony\Component\HttpKernel\EventListener\LocaleListener::onKernelRequest". {"event":"kernel.request","listener":"Symfony\\Component\\HttpKernel\\EventListener\\LocaleListener::onKernelRequest"} []
[2019-06-21 09:12:17] event.DEBUG: Notified event "kernel.request" to listener "Symfony\Bundle\SecurityBundle\Debug\TraceableFirewallListener::onKernelRequest". {"event":"kernel.request","listener":"Symfony\\Bundle\\SecurityBundle\\Debug\\TraceableFirewallListener::onKernelRequest"} []
[2019-06-21 09:12:17] event.DEBUG: Notified event "kernel.controller" to listener "Sensio\Bundle\FrameworkExtraBundle\EventListener\ControllerListener::onKernelController". {"event":"kernel.controller","listener":"Sensio\\Bundle\\FrameworkExtraBundle\\EventListener\\ControllerListener::onKernelController"} []
[2019-06-21 09:12:17] event.DEBUG: Notified event "kernel.controller" to listener "Sensio\Bundle\FrameworkExtraBundle\EventListener\ParamConverterListener::onKernelController". {"event":"kernel.controller","listener":"Sensio\\Bundle\\FrameworkExtraBundle\\EventListener\\ParamConverterListener::onKernelController"} []
[2019-06-21 09:12:17] event.DEBUG: Notified event "kernel.controller" to listener "Sensio\Bundle\FrameworkExtraBundle\EventListener\HttpCacheListener::onKernelController". {"event":"kernel.controller","listener":"Sensio\\Bundle\\FrameworkExtraBundle\\EventListener\\HttpCacheListener::onKernelController"} []
[2019-06-21 09:12:17] event.DEBUG: Notified event "kernel.controller" to listener "Sensio\Bundle\FrameworkExtraBundle\EventListener\TemplateListener::onKernelController". {"event":"kernel.controller","listener":"Sensio\\Bundle\\FrameworkExtraBundle\\EventListener\\TemplateListener::onKernelController"} []
[2019-06-21 09:12:17] event.DEBUG: Notified event "kernel.controller_arguments" to listener "Sensio\Bundle\FrameworkExtraBundle\EventListener\SecurityListener::onKernelControllerArguments". {"event":"kernel.controller_arguments","listener":"Sensio\\Bundle\\FrameworkExtraBundle\\EventListener\\SecurityListener::onKernelControllerArguments"} []
[2019-06-21 09:12:17] event.DEBUG: Notified event "kernel.controller_arguments" to listener "Sensio\Bundle\FrameworkExtraBundle\EventListener\IsGrantedListener::onKernelControllerArguments". {"event":"kernel.controller_arguments","listener":"Sensio\\Bundle\\FrameworkExtraBundle\\EventListener\\IsGrantedListener::onKernelControllerArguments"} []
[2019-06-21 09:12:17] event.DEBUG: Notified event "kernel.response" to listener "Symfony\Component\HttpKernel\EventListener\ResponseListener::onKernelResponse". {"event":"kernel.response","listener":"Symfony\\Component\\HttpKernel\\EventListener\\ResponseListener::onKernelResponse"} []
[2019-06-21 09:12:17] event.DEBUG: Notified event "kernel.response" to listener "Symfony\Component\WebLink\EventListener\AddLinkHeaderListener::onKernelResponse". {"event":"kernel.response","listener":"Symfony\\Component\\WebLink\\EventListener\\AddLinkHeaderListener::onKernelResponse"} []
[2019-06-21 09:12:17] event.DEBUG: Notified event "kernel.response" to listener "Sensio\Bundle\FrameworkExtraBundle\EventListener\HttpCacheListener::onKernelResponse". {"event":"kernel.response","listener":"Sensio\\Bundle\\FrameworkExtraBundle\\EventListener\\HttpCacheListener::onKernelResponse"} []
[2019-06-21 09:12:17] event.DEBUG: Notified event "kernel.response" to listener "Symfony\Component\Security\Http\RememberMe\ResponseListener::onKernelResponse". {"event":"kernel.response","listener":"Symfony\\Component\\Security\\Http\\RememberMe\\ResponseListener::onKernelResponse"} []
[2019-06-21 09:12:17] event.DEBUG: Notified event "kernel.response" to listener "Symfony\Component\Security\Http\Firewall\ContextListener::onKernelResponse". {"event":"kernel.response","listener":"Symfony\\Component\\Security\\Http\\Firewall\\ContextListener::onKernelResponse"} []
[2019-06-21 09:12:17] event.DEBUG: Notified event "kernel.response" to listener "Symfony\Component\HttpKernel\EventListener\SessionListener::onKernelResponse". {"event":"kernel.response","listener":"Symfony\\Component\\HttpKernel\\EventListener\\SessionListener::onKernelResponse"} []
[2019-06-21 09:12:17] event.DEBUG: Notified event "kernel.response" to listener "Symfony\Component\HttpKernel\EventListener\StreamedResponseListener::onKernelResponse". {"event":"kernel.response","listener":"Symfony\\Component\\HttpKernel\\EventListener\\StreamedResponseListener::onKernelResponse"} []
[2019-06-21 09:12:17] event.DEBUG: Notified event "kernel.finish_request" to listener "Symfony\Component\HttpKernel\EventListener\LocaleListener::onKernelFinishRequest". {"event":"kernel.finish_request","listener":"Symfony\\Component\\HttpKernel\\EventListener\\LocaleListener::onKernelFinishRequest"} []
[2019-06-21 09:12:17] event.DEBUG: Notified event "kernel.finish_request" to listener "Symfony\Component\HttpKernel\EventListener\SessionListener::onFinishRequest". {"event":"kernel.finish_request","listener":"Symfony\\Component\\HttpKernel\\EventListener\\SessionListener::onFinishRequest"} []
[2019-06-21 09:12:17] event.DEBUG: Notified event "kernel.finish_request" to listener "Symfony\Component\HttpKernel\EventListener\RouterListener::onKernelFinishRequest". {"event":"kernel.finish_request","listener":"Symfony\\Component\\HttpKernel\\EventListener\\RouterListener::onKernelFinishRequest"} []
[2019-06-21 09:12:17] event.DEBUG: Notified event "kernel.finish_request" to listener "Symfony\Bundle\SecurityBundle\Debug\TraceableFirewallListener::onKernelFinishRequest". {"event":"kernel.finish_request","listener":"Symfony\\Bundle\\SecurityBundle\\Debug\\TraceableFirewallListener::onKernelFinishRequest"} []
[2019-06-21 09:12:17] event.DEBUG: Notified event "kernel.exception" to listener "Symfony\Component\Security\Http\Firewall\ExceptionListener::onKernelException". {"event":"kernel.exception","listener":"Symfony\\Component\\Security\\Http\\Firewall\\ExceptionListener::onKernelException"} []
[2019-06-21 09:12:17] event.DEBUG: Notified event "kernel.exception" to listener "App\Listener\KeycloakExceptionListener::onKernelException". {"event":"kernel.exception","listener":"App\\Listener\\KeycloakExceptionListener::onKernelException"} []
[2019-06-21 09:12:17] event.DEBUG: Notified event "kernel.exception" to listener "Symfony\Bundle\SwiftmailerBundle\EventListener\EmailSenderListener::onException". {"event":"kernel.exception","listener":"Symfony\\Bundle\\SwiftmailerBundle\\EventListener\\EmailSenderListener::onException"} []
[2019-06-21 09:12:17] event.DEBUG: Notified event "kernel.exception" to listener "Symfony\Component\HttpKernel\EventListener\ExceptionListener::logKernelException". {"event":"kernel.exception","listener":"Symfony\\Component\\HttpKernel\\EventListener\\ExceptionListener::logKernelException"} []
[2019-06-21 09:12:17] event.DEBUG: Notified event "kernel.exception" to listener "Symfony\Component\HttpKernel\EventListener\RouterListener::onKernelException". {"event":"kernel.exception","listener":"Symfony\\Component\\HttpKernel\\EventListener\\RouterListener::onKernelException"} []
[2019-06-21 09:12:17] event.DEBUG: Notified event "kernel.exception" to listener "Symfony\Component\HttpKernel\EventListener\ExceptionListener::onKernelException". {"event":"kernel.exception","listener":"Symfony\\Component\\HttpKernel\\EventListener\\ExceptionListener::onKernelException"} []
[2019-06-21 09:12:17] event.DEBUG: Listener "Symfony\Component\HttpKernel\EventListener\ExceptionListener::onKernelException" stopped propagation of the event "kernel.exception". {"event":"kernel.exception","listener":"Symfony\\Component\\HttpKernel\\EventListener\\ExceptionListener::onKernelException"} []
[2019-06-21 09:12:17] event.DEBUG: Listener "Symfony\Component\HttpKernel\EventListener\ExceptionListener::onKernelException" was not called for event "kernel.exception". {"event":"kernel.exception","listener":"Symfony\\Component\\HttpKernel\\EventListener\\ExceptionListener::onKernelException"} []
[2019-06-21 09:12:17] event.DEBUG: Notified event "kernel.response" to listener "Symfony\Component\HttpKernel\EventListener\ResponseListener::onKernelResponse". {"event":"kernel.response","listener":"Symfony\\Component\\HttpKernel\\EventListener\\ResponseListener::onKernelResponse"} []
[2019-06-21 09:12:17] event.DEBUG: Notified event "kernel.response" to listener "Symfony\Component\WebLink\EventListener\AddLinkHeaderListener::onKernelResponse". {"event":"kernel.response","listener":"Symfony\\Component\\WebLink\\EventListener\\AddLinkHeaderListener::onKernelResponse"} []
[2019-06-21 09:12:17] event.DEBUG: Notified event "kernel.response" to listener "Sensio\Bundle\FrameworkExtraBundle\EventListener\HttpCacheListener::onKernelResponse". {"event":"kernel.response","listener":"Sensio\\Bundle\\FrameworkExtraBundle\\EventListener\\HttpCacheListener::onKernelResponse"} []
[2019-06-21 09:12:17] event.DEBUG: Notified event "kernel.response" to listener "Symfony\Component\Security\Http\RememberMe\ResponseListener::onKernelResponse". {"event":"kernel.response","listener":"Symfony\\Component\\Security\\Http\\RememberMe\\ResponseListener::onKernelResponse"} []
[2019-06-21 09:12:17] event.DEBUG: Notified event "kernel.response" to listener "Symfony\Component\HttpKernel\EventListener\SessionListener::onKernelResponse". {"event":"kernel.response","listener":"Symfony\\Component\\HttpKernel\\EventListener\\SessionListener::onKernelResponse"} []
[2019-06-21 09:12:17] event.DEBUG: Notified event "kernel.response" to listener "Symfony\Component\HttpKernel\EventListener\StreamedResponseListener::onKernelResponse". {"event":"kernel.response","listener":"Symfony\\Component\\HttpKernel\\EventListener\\StreamedResponseListener::onKernelResponse"} []
[2019-06-21 09:12:17] event.DEBUG: Notified event "kernel.finish_request" to listener "Symfony\Component\HttpKernel\EventListener\LocaleListener::onKernelFinishRequest". {"event":"kernel.finish_request","listener":"Symfony\\Component\\HttpKernel\\EventListener\\LocaleListener::onKernelFinishRequest"} []
[2019-06-21 09:12:17] event.DEBUG: Notified event "kernel.finish_request" to listener "Symfony\Component\HttpKernel\EventListener\SessionListener::onFinishRequest". {"event":"kernel.finish_request","listener":"Symfony\\Component\\HttpKernel\\EventListener\\SessionListener::onFinishRequest"} []
[2019-06-21 09:12:17] event.DEBUG: Notified event "kernel.finish_request" to listener "Symfony\Component\HttpKernel\EventListener\RouterListener::onKernelFinishRequest". {"event":"kernel.finish_request","listener":"Symfony\\Component\\HttpKernel\\EventListener\\RouterListener::onKernelFinishRequest"} []
[2019-06-21 09:12:17] event.DEBUG: Notified event "kernel.finish_request" to listener "Symfony\Bundle\SecurityBundle\Debug\TraceableFirewallListener::onKernelFinishRequest". {"event":"kernel.finish_request","listener":"Symfony\\Bundle\\SecurityBundle\\Debug\\TraceableFirewallListener::onKernelFinishRequest"} []
[2019-06-21 09:12:17] event.DEBUG: Notified event "kernel.terminate" to listener "Symfony\Bundle\SwiftmailerBundle\EventListener\EmailSenderListener::onTerminate". {"event":"kernel.terminate","listener":"Symfony\\Bundle\\SwiftmailerBundle\\EventListener\\EmailSenderListener::onTerminate"} []
